<?xml version="1.0" encoding="UTF-8"?>
<coverage generated="1681410776601" clover="3.2.0">
  <project timestamp="1681410776601" name="All files">
    <metrics statements="96" coveredstatements="72" conditionals="9" coveredconditionals="7" methods="31" coveredmethods="23" elements="136" coveredelements="102" complexity="0" loc="96" ncloc="96" packages="5" files="10" classes="10"/>
    <package name="src">
      <metrics statements="1" coveredstatements="1" conditionals="0" coveredconditionals="0" methods="1" coveredmethods="1"/>
      <file name="App.js" path="/home/thulio/Trybe/Projetos Trybe/Projetos Front End/sd-029-a-project-trybewallet/src/App.js">
        <metrics statements="1" coveredstatements="1" conditionals="0" coveredconditionals="0" methods="1" coveredmethods="1"/>
        <line num="7" count="2" type="stmt"/>
      </file>
    </package>
    <package name="src.components">
      <metrics statements="41" coveredstatements="29" conditionals="0" coveredconditionals="0" methods="16" coveredmethods="10"/>
      <file name="Header.js" path="/home/thulio/Trybe/Projetos Trybe/Projetos Front End/sd-029-a-project-trybewallet/src/components/Header.js">
        <metrics statements="7" coveredstatements="5" conditionals="0" coveredconditionals="0" methods="3" coveredmethods="2"/>
        <line num="7" count="2" type="stmt"/>
        <line num="8" count="2" type="stmt"/>
        <line num="9" count="0" type="stmt"/>
        <line num="10" count="0" type="stmt"/>
        <line num="12" count="2" type="stmt"/>
        <line num="22" count="2" type="stmt"/>
        <line num="27" count="2" type="stmt"/>
      </file>
      <file name="Table.js" path="/home/thulio/Trybe/Projetos Trybe/Projetos Front End/sd-029-a-project-trybewallet/src/components/Table.js">
        <metrics statements="13" coveredstatements="6" conditionals="0" coveredconditionals="0" methods="6" coveredmethods="2"/>
        <line num="7" count="2" type="stmt"/>
        <line num="8" count="0" type="stmt"/>
        <line num="9" count="0" type="stmt"/>
        <line num="10" count="0" type="stmt"/>
        <line num="11" count="0" type="stmt"/>
        <line num="12" count="0" type="stmt"/>
        <line num="16" count="2" type="stmt"/>
        <line num="17" count="2" type="stmt"/>
        <line num="18" count="2" type="stmt"/>
        <line num="35" count="0" type="stmt"/>
        <line num="52" count="0" type="stmt"/>
        <line num="66" count="2" type="stmt"/>
        <line num="70" count="2" type="stmt"/>
      </file>
      <file name="WalletForm.js" path="/home/thulio/Trybe/Projetos Trybe/Projetos Front End/sd-029-a-project-trybewallet/src/components/WalletForm.js">
        <metrics statements="21" coveredstatements="18" conditionals="0" coveredconditionals="0" methods="7" coveredmethods="6"/>
        <line num="7" count="2" type="stmt"/>
        <line num="16" count="2" type="stmt"/>
        <line num="17" count="2" type="stmt"/>
        <line num="18" count="0" type="stmt"/>
        <line num="19" count="0" type="stmt"/>
        <line num="24" count="2" type="stmt"/>
        <line num="25" count="11" type="stmt"/>
        <line num="30" count="2" type="stmt"/>
        <line num="37" count="1" type="stmt"/>
        <line num="38" count="1" type="stmt"/>
        <line num="39" count="1" type="stmt"/>
        <line num="47" count="1" type="stmt"/>
        <line num="48" count="1" type="stmt"/>
        <line num="51" count="2" type="stmt"/>
        <line num="52" count="1" type="stmt"/>
        <line num="68" count="14" type="stmt"/>
        <line num="69" count="14" type="stmt"/>
        <line num="70" count="14" type="stmt"/>
        <line num="100" count="0" type="stmt"/>
        <line num="149" count="2" type="stmt"/>
        <line num="154" count="2" type="stmt"/>
      </file>
    </package>
    <package name="src.pages">
      <metrics statements="19" coveredstatements="19" conditionals="2" coveredconditionals="2" methods="5" coveredmethods="5"/>
      <file name="Login.js" path="/home/thulio/Trybe/Projetos Trybe/Projetos Front End/sd-029-a-project-trybewallet/src/pages/Login.js">
        <metrics statements="18" coveredstatements="18" conditionals="2" coveredconditionals="2" methods="4" coveredmethods="4"/>
        <line num="8" count="1" type="stmt"/>
        <line num="10" count="1" type="stmt"/>
        <line num="16" count="1" type="stmt"/>
        <line num="17" count="22" type="stmt"/>
        <line num="22" count="1" type="stmt"/>
        <line num="23" count="1" type="stmt"/>
        <line num="24" count="1" type="stmt"/>
        <line num="25" count="1" type="stmt"/>
        <line num="26" count="1" type="stmt"/>
        <line num="30" count="23" type="stmt"/>
        <line num="31" count="23" type="stmt"/>
        <line num="32" count="23" type="stmt"/>
        <line num="33" count="23" type="stmt"/>
        <line num="34" count="23" type="stmt"/>
        <line num="35" count="23" type="stmt"/>
        <line num="36" count="23" type="cond" truecount="2" falsecount="0"/>
        <line num="37" count="23" type="stmt"/>
        <line num="77" count="2" type="stmt"/>
      </file>
      <file name="Wallet.js" path="/home/thulio/Trybe/Projetos Trybe/Projetos Front End/sd-029-a-project-trybewallet/src/pages/Wallet.js">
        <metrics statements="1" coveredstatements="1" conditionals="0" coveredconditionals="0" methods="1" coveredmethods="1"/>
        <line num="9" count="2" type="stmt"/>
      </file>
    </package>
    <package name="src.redux.actions">
      <metrics statements="22" coveredstatements="12" conditionals="0" coveredconditionals="0" methods="7" coveredmethods="5"/>
      <file name="index.js" path="/home/thulio/Trybe/Projetos Trybe/Projetos Front End/sd-029-a-project-trybewallet/src/redux/actions/index.js">
        <metrics statements="22" coveredstatements="12" conditionals="0" coveredconditionals="0" methods="7" coveredmethods="5"/>
        <line num="1" count="2" type="stmt"/>
        <line num="2" count="2" type="stmt"/>
        <line num="3" count="2" type="stmt"/>
        <line num="5" count="2" type="stmt"/>
        <line num="12" count="2" type="stmt"/>
        <line num="19" count="2" type="stmt"/>
        <line num="20" count="2" type="stmt"/>
        <line num="21" count="2" type="stmt"/>
        <line num="22" count="0" type="stmt"/>
        <line num="23" count="0" type="stmt"/>
        <line num="24" count="0" type="stmt"/>
        <line num="25" count="0" type="stmt"/>
        <line num="26" count="0" type="stmt"/>
        <line num="29" count="2" type="stmt"/>
        <line num="36" count="2" type="stmt"/>
        <line num="37" count="1" type="stmt"/>
        <line num="38" count="1" type="stmt"/>
        <line num="39" count="0" type="stmt"/>
        <line num="40" count="0" type="stmt"/>
        <line num="44" count="0" type="stmt"/>
        <line num="45" count="0" type="stmt"/>
        <line num="46" count="0" type="stmt"/>
      </file>
    </package>
    <package name="src.redux.reducers">
      <metrics statements="13" coveredstatements="11" conditionals="7" coveredconditionals="5" methods="2" coveredmethods="2"/>
      <file name="index.js" path="/home/thulio/Trybe/Projetos Trybe/Projetos Front End/sd-029-a-project-trybewallet/src/redux/reducers/index.js">
        <metrics statements="1" coveredstatements="1" conditionals="0" coveredconditionals="0" methods="0" coveredmethods="0"/>
        <line num="8" count="2" type="stmt"/>
      </file>
      <file name="user.js" path="/home/thulio/Trybe/Projetos Trybe/Projetos Front End/sd-029-a-project-trybewallet/src/redux/reducers/user.js">
        <metrics statements="5" coveredstatements="5" conditionals="3" coveredconditionals="3" methods="1" coveredmethods="1"/>
        <line num="4" count="2" type="stmt"/>
        <line num="8" count="2" type="cond" truecount="1" falsecount="0"/>
        <line num="9" count="7" type="cond" truecount="2" falsecount="0"/>
        <line num="11" count="1" type="stmt"/>
        <line num="17" count="6" type="stmt"/>
      </file>
      <file name="wallet.js" path="/home/thulio/Trybe/Projetos Trybe/Projetos Front End/sd-029-a-project-trybewallet/src/redux/reducers/wallet.js">
        <metrics statements="7" coveredstatements="5" conditionals="4" coveredconditionals="2" methods="1" coveredmethods="1"/>
        <line num="4" count="2" type="stmt"/>
        <line num="9" count="2" type="cond" truecount="1" falsecount="0"/>
        <line num="10" count="7" type="stmt"/>
        <line num="14" count="7" type="cond" truecount="1" falsecount="2"/>
        <line num="16" count="0" type="stmt"/>
        <line num="19" count="0" type="stmt"/>
        <line num="21" count="7" type="stmt"/>
      </file>
    </package>
  </project>
</coverage>
