{"total": {"lines":{"total":96,"covered":63,"skipped":0,"pct":65.62},"statements":{"total":105,"covered":68,"skipped":0,"pct":64.76},"functions":{"total":31,"covered":18,"skipped":0,"pct":58.06},"branches":{"total":9,"covered":7,"skipped":0,"pct":77.77},"branchesTrue":{"total":0,"covered":0,"skipped":0,"pct":100}}
,"/home/thulio/Trybe/Projetos Trybe/Projetos Front End/sd-029-a-project-trybewallet/src/App.js": {"lines":{"total":1,"covered":1,"skipped":0,"pct":100},"functions":{"total":1,"covered":1,"skipped":0,"pct":100},"statements":{"total":1,"covered":1,"skipped":0,"pct":100},"branches":{"total":0,"covered":0,"skipped":0,"pct":100}}
,"/home/thulio/Trybe/Projetos Trybe/Projetos Front End/sd-029-a-project-trybewallet/src/components/Header.js": {"lines":{"total":7,"covered":5,"skipped":0,"pct":71.42},"functions":{"total":3,"covered":2,"skipped":0,"pct":66.66},"statements":{"total":8,"covered":6,"skipped":0,"pct":75},"branches":{"total":0,"covered":0,"skipped":0,"pct":100}}
,"/home/thulio/Trybe/Projetos Trybe/Projetos Front End/sd-029-a-project-trybewallet/src/components/Table.js": {"lines":{"total":13,"covered":6,"skipped":0,"pct":46.15},"functions":{"total":6,"covered":2,"skipped":0,"pct":33.33},"statements":{"total":15,"covered":7,"skipped":0,"pct":46.66},"branches":{"total":0,"covered":0,"skipped":0,"pct":100}}
,"/home/thulio/Trybe/Projetos Trybe/Projetos Front End/sd-029-a-project-trybewallet/src/components/WalletForm.js": {"lines":{"total":21,"covered":11,"skipped":0,"pct":52.38},"functions":{"total":7,"covered":3,"skipped":0,"pct":42.85},"statements":{"total":22,"covered":12,"skipped":0,"pct":54.54},"branches":{"total":0,"covered":0,"skipped":0,"pct":100}}
,"/home/thulio/Trybe/Projetos Trybe/Projetos Front End/sd-029-a-project-trybewallet/src/pages/Login.js": {"lines":{"total":18,"covered":18,"skipped":0,"pct":100},"functions":{"total":4,"covered":4,"skipped":0,"pct":100},"statements":{"total":18,"covered":18,"skipped":0,"pct":100},"branches":{"total":2,"covered":2,"skipped":0,"pct":100}}
,"/home/thulio/Trybe/Projetos Trybe/Projetos Front End/sd-029-a-project-trybewallet/src/pages/Wallet.js": {"lines":{"total":1,"covered":1,"skipped":0,"pct":100},"functions":{"total":1,"covered":1,"skipped":0,"pct":100},"statements":{"total":1,"covered":1,"skipped":0,"pct":100},"branches":{"total":0,"covered":0,"skipped":0,"pct":100}}
,"/home/thulio/Trybe/Projetos Trybe/Projetos Front End/sd-029-a-project-trybewallet/src/redux/actions/index.js": {"lines":{"total":22,"covered":10,"skipped":0,"pct":45.45},"functions":{"total":7,"covered":3,"skipped":0,"pct":42.85},"statements":{"total":27,"covered":12,"skipped":0,"pct":44.44},"branches":{"total":0,"covered":0,"skipped":0,"pct":100}}
,"/home/thulio/Trybe/Projetos Trybe/Projetos Front End/sd-029-a-project-trybewallet/src/redux/reducers/index.js": {"lines":{"total":1,"covered":1,"skipped":0,"pct":100},"functions":{"total":0,"covered":0,"skipped":0,"pct":100},"statements":{"total":1,"covered":1,"skipped":0,"pct":100},"branches":{"total":0,"covered":0,"skipped":0,"pct":100}}
,"/home/thulio/Trybe/Projetos Trybe/Projetos Front End/sd-029-a-project-trybewallet/src/redux/reducers/user.js": {"lines":{"total":5,"covered":5,"skipped":0,"pct":100},"functions":{"total":1,"covered":1,"skipped":0,"pct":100},"statements":{"total":5,"covered":5,"skipped":0,"pct":100},"branches":{"total":3,"covered":3,"skipped":0,"pct":100}}
,"/home/thulio/Trybe/Projetos Trybe/Projetos Front End/sd-029-a-project-trybewallet/src/redux/reducers/wallet.js": {"lines":{"total":7,"covered":5,"skipped":0,"pct":71.42},"functions":{"total":1,"covered":1,"skipped":0,"pct":100},"statements":{"total":7,"covered":5,"skipped":0,"pct":71.42},"branches":{"total":4,"covered":2,"skipped":0,"pct":50}}
}
