{"/home/thulio/Trybe/Projetos Trybe/Projetos Front End/sd-029-a-project-trybewallet/src/App.js": {"path":"/home/thulio/Trybe/Projetos Trybe/Projetos Front End/sd-029-a-project-trybewallet/src/App.js","statementMap":{"0":{"start":{"line":7,"column":2},"end":{"line":14,"column":4}}},"fnMap":{"0":{"name":"App","decl":{"start":{"line":6,"column":9},"end":{"line":6,"column":12}},"loc":{"start":{"line":6,"column":15},"end":{"line":15,"column":1}},"line":6}},"branchMap":{},"s":{"0":2},"f":{"0":2},"b":{},"_coverageSchema":"1a1c01bbd47fc00a2c39e90264f33305004495a9","hash":"b3296ca06a3ad90eec2de79f54cf587c8e6d3345"}
,"/home/thulio/Trybe/Projetos Trybe/Projetos Front End/sd-029-a-project-trybewallet/src/components/Header.js": {"path":"/home/thulio/Trybe/Projetos Trybe/Projetos Front End/sd-029-a-project-trybewallet/src/components/Header.js","statementMap":{"0":{"start":{"line":7,"column":32},"end":{"line":7,"column":42}},"1":{"start":{"line":8,"column":26},"end":{"line":11,"column":9}},"2":{"start":{"line":9,"column":26},"end":{"line":9,"column":76}},"3":{"start":{"line":10,"column":6},"end":{"line":10,"column":33}},"4":{"start":{"line":12,"column":4},"end":{"line":18,"column":6}},"5":{"start":{"line":22,"column":24},"end":{"line":25,"column":2}},"6":{"start":{"line":22,"column":42},"end":{"line":25,"column":1}},"7":{"start":{"line":27,"column":0},"end":{"line":40,"column":2}}},"fnMap":{"0":{"name":"(anonymous_0)","decl":{"start":{"line":6,"column":2},"end":{"line":6,"column":3}},"loc":{"start":{"line":6,"column":11},"end":{"line":19,"column":3}},"line":6},"1":{"name":"(anonymous_1)","decl":{"start":{"line":8,"column":42},"end":{"line":8,"column":43}},"loc":{"start":{"line":8,"column":57},"end":{"line":11,"column":5}},"line":8},"2":{"name":"(anonymous_2)","decl":{"start":{"line":22,"column":24},"end":{"line":22,"column":25}},"loc":{"start":{"line":22,"column":42},"end":{"line":25,"column":1}},"line":22}},"branchMap":{},"s":{"0":2,"1":2,"2":0,"3":0,"4":2,"5":2,"6":2,"7":2},"f":{"0":2,"1":0,"2":2},"b":{},"_coverageSchema":"1a1c01bbd47fc00a2c39e90264f33305004495a9","hash":"63a9c366301b9bd5218958bb27a8b597d7fa8c80"}
,"/home/thulio/Trybe/Projetos Trybe/Projetos Front End/sd-029-a-project-trybewallet/src/components/Table.js": {"path":"/home/thulio/Trybe/Projetos Trybe/Projetos Front End/sd-029-a-project-trybewallet/src/components/Table.js","statementMap":{"0":{"start":{"line":7,"column":24},"end":{"line":13,"column":3}},"1":{"start":{"line":8,"column":35},"end":{"line":8,"column":45}},"2":{"start":{"line":9,"column":25},"end":{"line":9,"column":38}},"3":{"start":{"line":10,"column":18},"end":{"line":10,"column":72}},"4":{"start":{"line":10,"column":54},"end":{"line":10,"column":71}},"5":{"start":{"line":11,"column":4},"end":{"line":11,"column":34}},"6":{"start":{"line":12,"column":4},"end":{"line":12,"column":49}},"7":{"start":{"line":16,"column":25},"end":{"line":16,"column":35}},"8":{"start":{"line":17,"column":4},"end":{"line":17,"column":26}},"9":{"start":{"line":18,"column":4},"end":{"line":62,"column":6}},"10":{"start":{"line":35,"column":12},"end":{"line":58,"column":17}},"11":{"start":{"line":52,"column":34},"end":{"line":52,"column":70}},"12":{"start":{"line":66,"column":24},"end":{"line":68,"column":2}},"13":{"start":{"line":66,"column":42},"end":{"line":68,"column":1}},"14":{"start":{"line":70,"column":0},"end":{"line":83,"column":2}}},"fnMap":{"0":{"name":"(anonymous_0)","decl":{"start":{"line":7,"column":24},"end":{"line":7,"column":25}},"loc":{"start":{"line":7,"column":32},"end":{"line":13,"column":3}},"line":7},"1":{"name":"(anonymous_1)","decl":{"start":{"line":10,"column":41},"end":{"line":10,"column":42}},"loc":{"start":{"line":10,"column":54},"end":{"line":10,"column":71}},"line":10},"2":{"name":"(anonymous_2)","decl":{"start":{"line":15,"column":2},"end":{"line":15,"column":3}},"loc":{"start":{"line":15,"column":11},"end":{"line":63,"column":3}},"line":15},"3":{"name":"(anonymous_3)","decl":{"start":{"line":34,"column":25},"end":{"line":34,"column":26}},"loc":{"start":{"line":35,"column":12},"end":{"line":58,"column":17}},"line":35},"4":{"name":"(anonymous_4)","decl":{"start":{"line":52,"column":28},"end":{"line":52,"column":29}},"loc":{"start":{"line":52,"column":34},"end":{"line":52,"column":70}},"line":52},"5":{"name":"(anonymous_5)","decl":{"start":{"line":66,"column":24},"end":{"line":66,"column":25}},"loc":{"start":{"line":66,"column":42},"end":{"line":68,"column":1}},"line":66}},"branchMap":{},"s":{"0":2,"1":0,"2":0,"3":0,"4":0,"5":0,"6":0,"7":2,"8":2,"9":2,"10":0,"11":0,"12":2,"13":2,"14":2},"f":{"0":0,"1":0,"2":2,"3":0,"4":0,"5":2},"b":{},"_coverageSchema":"1a1c01bbd47fc00a2c39e90264f33305004495a9","hash":"d4bad63035b2de4a6ab499bb62f0547ff8a40b6e"}
,"/home/thulio/Trybe/Projetos Trybe/Projetos Front End/sd-029-a-project-trybewallet/src/components/WalletForm.js": {"path":"/home/thulio/Trybe/Projetos Trybe/Projetos Front End/sd-029-a-project-trybewallet/src/components/WalletForm.js","statementMap":{"0":{"start":{"line":7,"column":10},"end":{"line":13,"column":3}},"1":{"start":{"line":16,"column":25},"end":{"line":16,"column":35}},"2":{"start":{"line":17,"column":4},"end":{"line":17,"column":37}},"3":{"start":{"line":18,"column":27},"end":{"line":18,"column":37}},"4":{"start":{"line":19,"column":4},"end":{"line":21,"column":7}},"5":{"start":{"line":24,"column":17},"end":{"line":28,"column":3}},"6":{"start":{"line":25,"column":4},"end":{"line":27,"column":7}},"7":{"start":{"line":30,"column":21},"end":{"line":49,"column":3}},"8":{"start":{"line":37,"column":8},"end":{"line":37,"column":18}},"9":{"start":{"line":38,"column":35},"end":{"line":38,"column":45}},"10":{"start":{"line":39,"column":24},"end":{"line":46,"column":5}},"11":{"start":{"line":47,"column":4},"end":{"line":47,"column":46}},"12":{"start":{"line":48,"column":4},"end":{"line":48,"column":23}},"13":{"start":{"line":51,"column":16},"end":{"line":59,"column":3}},"14":{"start":{"line":52,"column":4},"end":{"line":58,"column":7}},"15":{"start":{"line":68,"column":8},"end":{"line":68,"column":18}},"16":{"start":{"line":69,"column":27},"end":{"line":69,"column":37}},"17":{"start":{"line":70,"column":4},"end":{"line":145,"column":6}},"18":{"start":{"line":100,"column":14},"end":{"line":102,"column":23}},"19":{"start":{"line":149,"column":24},"end":{"line":152,"column":2}},"20":{"start":{"line":149,"column":42},"end":{"line":152,"column":1}},"21":{"start":{"line":154,"column":0},"end":{"line":166,"column":2}}},"fnMap":{"0":{"name":"(anonymous_0)","decl":{"start":{"line":15,"column":2},"end":{"line":15,"column":3}},"loc":{"start":{"line":15,"column":28},"end":{"line":22,"column":3}},"line":15},"1":{"name":"(anonymous_1)","decl":{"start":{"line":24,"column":17},"end":{"line":24,"column":18}},"loc":{"start":{"line":24,"column":33},"end":{"line":28,"column":3}},"line":24},"2":{"name":"(anonymous_2)","decl":{"start":{"line":30,"column":21},"end":{"line":30,"column":22}},"loc":{"start":{"line":30,"column":27},"end":{"line":49,"column":3}},"line":30},"3":{"name":"(anonymous_3)","decl":{"start":{"line":51,"column":16},"end":{"line":51,"column":17}},"loc":{"start":{"line":51,"column":22},"end":{"line":59,"column":3}},"line":51},"4":{"name":"(anonymous_4)","decl":{"start":{"line":61,"column":2},"end":{"line":61,"column":3}},"loc":{"start":{"line":61,"column":11},"end":{"line":146,"column":3}},"line":61},"5":{"name":"(anonymous_5)","decl":{"start":{"line":99,"column":29},"end":{"line":99,"column":30}},"loc":{"start":{"line":100,"column":14},"end":{"line":102,"column":23}},"line":100},"6":{"name":"(anonymous_6)","decl":{"start":{"line":149,"column":24},"end":{"line":149,"column":25}},"loc":{"start":{"line":149,"column":42},"end":{"line":152,"column":1}},"line":149}},"branchMap":{},"s":{"0":2,"1":2,"2":2,"3":0,"4":0,"5":2,"6":11,"7":2,"8":1,"9":1,"10":1,"11":1,"12":1,"13":2,"14":1,"15":14,"16":14,"17":14,"18":0,"19":2,"20":2,"21":2},"f":{"0":2,"1":11,"2":1,"3":1,"4":14,"5":0,"6":2},"b":{},"_coverageSchema":"1a1c01bbd47fc00a2c39e90264f33305004495a9","hash":"2b1b87c41d91706ef33902d9195d1ff24a73b692"}
,"/home/thulio/Trybe/Projetos Trybe/Projetos Front End/sd-029-a-project-trybewallet/src/pages/Login.js": {"path":"/home/thulio/Trybe/Projetos Trybe/Projetos Front End/sd-029-a-project-trybewallet/src/pages/Login.js","statementMap":{"0":{"start":{"line":8,"column":4},"end":{"line":8,"column":12}},"1":{"start":{"line":10,"column":4},"end":{"line":13,"column":6}},"2":{"start":{"line":16,"column":17},"end":{"line":20,"column":3}},"3":{"start":{"line":17,"column":4},"end":{"line":19,"column":7}},"4":{"start":{"line":22,"column":17},"end":{"line":27,"column":3}},"5":{"start":{"line":23,"column":22},"end":{"line":23,"column":32}},"6":{"start":{"line":24,"column":34},"end":{"line":24,"column":44}},"7":{"start":{"line":25,"column":4},"end":{"line":25,"column":37}},"8":{"start":{"line":26,"column":4},"end":{"line":26,"column":30}},"9":{"start":{"line":30,"column":32},"end":{"line":30,"column":42}},"10":{"start":{"line":31,"column":27},"end":{"line":31,"column":28}},"11":{"start":{"line":32,"column":28},"end":{"line":32,"column":61}},"12":{"start":{"line":33,"column":4},"end":{"line":33,"column":46}},"13":{"start":{"line":34,"column":25},"end":{"line":34,"column":80}},"14":{"start":{"line":35,"column":4},"end":{"line":35,"column":40}},"15":{"start":{"line":36,"column":27},"end":{"line":36,"column":61}},"16":{"start":{"line":37,"column":4},"end":{"line":73,"column":6}},"17":{"start":{"line":77,"column":0},"end":{"line":82,"column":2}}},"fnMap":{"0":{"name":"(anonymous_0)","decl":{"start":{"line":7,"column":2},"end":{"line":7,"column":3}},"loc":{"start":{"line":7,"column":16},"end":{"line":14,"column":3}},"line":7},"1":{"name":"(anonymous_1)","decl":{"start":{"line":16,"column":17},"end":{"line":16,"column":18}},"loc":{"start":{"line":16,"column":33},"end":{"line":20,"column":3}},"line":16},"2":{"name":"(anonymous_2)","decl":{"start":{"line":22,"column":17},"end":{"line":22,"column":18}},"loc":{"start":{"line":22,"column":23},"end":{"line":27,"column":3}},"line":22},"3":{"name":"(anonymous_3)","decl":{"start":{"line":29,"column":2},"end":{"line":29,"column":3}},"loc":{"start":{"line":29,"column":11},"end":{"line":74,"column":3}},"line":29}},"branchMap":{"0":{"loc":{"start":{"line":36,"column":29},"end":{"line":36,"column":60}},"type":"binary-expr","locations":[{"start":{"line":36,"column":29},"end":{"line":36,"column":44}},{"start":{"line":36,"column":48},"end":{"line":36,"column":60}}],"line":36}},"s":{"0":1,"1":1,"2":1,"3":22,"4":1,"5":1,"6":1,"7":1,"8":1,"9":23,"10":23,"11":23,"12":23,"13":23,"14":23,"15":23,"16":23,"17":2},"f":{"0":1,"1":22,"2":1,"3":23},"b":{"0":[23,1]},"_coverageSchema":"1a1c01bbd47fc00a2c39e90264f33305004495a9","hash":"4fb2706a0b4f37bd9f5264b2d3703f0e90000cdb"}
,"/home/thulio/Trybe/Projetos Trybe/Projetos Front End/sd-029-a-project-trybewallet/src/pages/Wallet.js": {"path":"/home/thulio/Trybe/Projetos Trybe/Projetos Front End/sd-029-a-project-trybewallet/src/pages/Wallet.js","statementMap":{"0":{"start":{"line":9,"column":4},"end":{"line":16,"column":6}}},"fnMap":{"0":{"name":"(anonymous_0)","decl":{"start":{"line":8,"column":2},"end":{"line":8,"column":3}},"loc":{"start":{"line":8,"column":11},"end":{"line":17,"column":3}},"line":8}},"branchMap":{},"s":{"0":2},"f":{"0":2},"b":{},"_coverageSchema":"1a1c01bbd47fc00a2c39e90264f33305004495a9","hash":"1a9a542682a93f267a19375a82f421e0e1ae3f95"}
,"/home/thulio/Trybe/Projetos Trybe/Projetos Front End/sd-029-a-project-trybewallet/src/redux/actions/index.js": {"path":"/home/thulio/Trybe/Projetos Trybe/Projetos Front End/sd-029-a-project-trybewallet/src/redux/actions/index.js","statementMap":{"0":{"start":{"line":1,"column":26},"end":{"line":1,"column":38}},"1":{"start":{"line":2,"column":31},"end":{"line":2,"column":48}},"2":{"start":{"line":3,"column":31},"end":{"line":3,"column":48}},"3":{"start":{"line":5,"column":31},"end":{"line":10,"column":2}},"4":{"start":{"line":5,"column":43},"end":{"line":10,"column":1}},"5":{"start":{"line":12,"column":35},"end":{"line":17,"column":2}},"6":{"start":{"line":12,"column":52},"end":{"line":17,"column":1}},"7":{"start":{"line":19,"column":30},"end":{"line":27,"column":1}},"8":{"start":{"line":19,"column":36},"end":{"line":27,"column":1}},"9":{"start":{"line":20,"column":14},"end":{"line":20,"column":59}},"10":{"start":{"line":21,"column":19},"end":{"line":21,"column":35}},"11":{"start":{"line":22,"column":15},"end":{"line":22,"column":36}},"12":{"start":{"line":23,"column":2},"end":{"line":23,"column":20}},"13":{"start":{"line":24,"column":2},"end":{"line":24,"column":19}},"14":{"start":{"line":25,"column":21},"end":{"line":25,"column":38}},"15":{"start":{"line":26,"column":2},"end":{"line":26,"column":44}},"16":{"start":{"line":29,"column":36},"end":{"line":34,"column":2}},"17":{"start":{"line":29,"column":51},"end":{"line":34,"column":1}},"18":{"start":{"line":36,"column":34},"end":{"line":47,"column":1}},"19":{"start":{"line":36,"column":51},"end":{"line":47,"column":1}},"20":{"start":{"line":37,"column":14},"end":{"line":37,"column":59}},"21":{"start":{"line":38,"column":19},"end":{"line":38,"column":35}},"22":{"start":{"line":39,"column":15},"end":{"line":39,"column":36}},"23":{"start":{"line":40,"column":18},"end":{"line":43,"column":3}},"24":{"start":{"line":44,"column":22},"end":{"line":44,"column":32}},"25":{"start":{"line":45,"column":17},"end":{"line":45,"column":58}},"26":{"start":{"line":46,"column":2},"end":{"line":46,"column":41}}},"fnMap":{"0":{"name":"(anonymous_0)","decl":{"start":{"line":5,"column":31},"end":{"line":5,"column":32}},"loc":{"start":{"line":5,"column":43},"end":{"line":10,"column":1}},"line":5},"1":{"name":"(anonymous_1)","decl":{"start":{"line":12,"column":35},"end":{"line":12,"column":36}},"loc":{"start":{"line":12,"column":52},"end":{"line":17,"column":1}},"line":12},"2":{"name":"(anonymous_2)","decl":{"start":{"line":19,"column":30},"end":{"line":19,"column":31}},"loc":{"start":{"line":19,"column":36},"end":{"line":27,"column":1}},"line":19},"3":{"name":"(anonymous_3)","decl":{"start":{"line":19,"column":36},"end":{"line":19,"column":37}},"loc":{"start":{"line":19,"column":56},"end":{"line":27,"column":1}},"line":19},"4":{"name":"(anonymous_4)","decl":{"start":{"line":29,"column":36},"end":{"line":29,"column":37}},"loc":{"start":{"line":29,"column":51},"end":{"line":34,"column":1}},"line":29},"5":{"name":"(anonymous_5)","decl":{"start":{"line":36,"column":34},"end":{"line":36,"column":35}},"loc":{"start":{"line":36,"column":51},"end":{"line":47,"column":1}},"line":36},"6":{"name":"(anonymous_6)","decl":{"start":{"line":36,"column":51},"end":{"line":36,"column":52}},"loc":{"start":{"line":36,"column":81},"end":{"line":47,"column":1}},"line":36}},"branchMap":{},"s":{"0":2,"1":2,"2":2,"3":2,"4":1,"5":2,"6":0,"7":2,"8":2,"9":2,"10":2,"11":0,"12":0,"13":0,"14":0,"15":0,"16":2,"17":0,"18":2,"19":1,"20":1,"21":1,"22":0,"23":0,"24":0,"25":0,"26":0},"f":{"0":1,"1":0,"2":2,"3":2,"4":0,"5":1,"6":1},"b":{},"_coverageSchema":"1a1c01bbd47fc00a2c39e90264f33305004495a9","hash":"3b2dcc3ddd6191d9dc911f56105c99b6e747807e"}
,"/home/thulio/Trybe/Projetos Trybe/Projetos Front End/sd-029-a-project-trybewallet/src/redux/reducers/index.js": {"path":"/home/thulio/Trybe/Projetos Trybe/Projetos Front End/sd-029-a-project-trybewallet/src/redux/reducers/index.js","statementMap":{"0":{"start":{"line":8,"column":20},"end":{"line":8,"column":53}}},"fnMap":{},"branchMap":{},"s":{"0":2},"f":{},"b":{},"_coverageSchema":"1a1c01bbd47fc00a2c39e90264f33305004495a9","hash":"58a0a241a8c6d58368090b4f0362c89d503768a3"}
,"/home/thulio/Trybe/Projetos Trybe/Projetos Front End/sd-029-a-project-trybewallet/src/redux/reducers/user.js": {"path":"/home/thulio/Trybe/Projetos Trybe/Projetos Front End/sd-029-a-project-trybewallet/src/redux/reducers/user.js","statementMap":{"0":{"start":{"line":4,"column":22},"end":{"line":6,"column":1}},"1":{"start":{"line":8,"column":20},"end":{"line":19,"column":1}},"2":{"start":{"line":9,"column":2},"end":{"line":18,"column":3}},"3":{"start":{"line":11,"column":4},"end":{"line":14,"column":6}},"4":{"start":{"line":17,"column":4},"end":{"line":17,"column":17}}},"fnMap":{"0":{"name":"(anonymous_0)","decl":{"start":{"line":8,"column":20},"end":{"line":8,"column":21}},"loc":{"start":{"line":8,"column":55},"end":{"line":19,"column":1}},"line":8}},"branchMap":{"0":{"loc":{"start":{"line":8,"column":21},"end":{"line":8,"column":42}},"type":"default-arg","locations":[{"start":{"line":8,"column":29},"end":{"line":8,"column":42}}],"line":8},"1":{"loc":{"start":{"line":9,"column":2},"end":{"line":18,"column":3}},"type":"switch","locations":[{"start":{"line":10,"column":2},"end":{"line":14,"column":6}},{"start":{"line":16,"column":2},"end":{"line":17,"column":17}}],"line":9}},"s":{"0":2,"1":2,"2":7,"3":1,"4":6},"f":{"0":7},"b":{"0":[6],"1":[1,6]},"_coverageSchema":"1a1c01bbd47fc00a2c39e90264f33305004495a9","hash":"273f66b23ed995294b9d40dc161b7c5590b217fd"}
,"/home/thulio/Trybe/Projetos Trybe/Projetos Front End/sd-029-a-project-trybewallet/src/redux/reducers/wallet.js": {"path":"/home/thulio/Trybe/Projetos Trybe/Projetos Front End/sd-029-a-project-trybewallet/src/redux/reducers/wallet.js","statementMap":{"0":{"start":{"line":4,"column":22},"end":{"line":7,"column":1}},"1":{"start":{"line":9,"column":22},"end":{"line":23,"column":1}},"2":{"start":{"line":10,"column":22},"end":{"line":13,"column":3}},"3":{"start":{"line":14,"column":2},"end":{"line":22,"column":3}},"4":{"start":{"line":16,"column":4},"end":{"line":16,"column":23}},"5":{"start":{"line":19,"column":4},"end":{"line":19,"column":23}},"6":{"start":{"line":21,"column":4},"end":{"line":21,"column":17}}},"fnMap":{"0":{"name":"(anonymous_0)","decl":{"start":{"line":9,"column":22},"end":{"line":9,"column":23}},"loc":{"start":{"line":9,"column":57},"end":{"line":23,"column":1}},"line":9}},"branchMap":{"0":{"loc":{"start":{"line":9,"column":23},"end":{"line":9,"column":44}},"type":"default-arg","locations":[{"start":{"line":9,"column":31},"end":{"line":9,"column":44}}],"line":9},"1":{"loc":{"start":{"line":14,"column":2},"end":{"line":22,"column":3}},"type":"switch","locations":[{"start":{"line":15,"column":2},"end":{"line":16,"column":23}},{"start":{"line":18,"column":2},"end":{"line":19,"column":23}},{"start":{"line":20,"column":2},"end":{"line":21,"column":17}}],"line":14}},"s":{"0":2,"1":2,"2":7,"3":7,"4":0,"5":0,"6":7},"f":{"0":7},"b":{"0":[6],"1":[0,0,7]},"_coverageSchema":"1a1c01bbd47fc00a2c39e90264f33305004495a9","hash":"d0f1619b35ef314d41c644b576be416fbd3398f4"}
}
