TN:
SF:src/App.js
FN:6,App
FNF:1
FNH:1
FNDA:2,App
DA:7,2
LF:1
LH:1
BRF:0
BRH:0
end_of_record
TN:
SF:src/components/Header.js
FN:6,(anonymous_0)
FN:8,(anonymous_1)
FN:22,(anonymous_2)
FNF:3
FNH:2
FNDA:2,(anonymous_0)
FNDA:0,(anonymous_1)
FNDA:2,(anonymous_2)
DA:7,2
DA:8,2
DA:9,0
DA:10,0
DA:12,2
DA:22,2
DA:27,2
LF:7
LH:5
BRF:0
BRH:0
end_of_record
TN:
SF:src/components/Table.js
FN:7,(anonymous_0)
FN:10,(anonymous_1)
FN:15,(anonymous_2)
FN:34,(anonymous_3)
FN:52,(anonymous_4)
FN:66,(anonymous_5)
FNF:6
FNH:2
FNDA:0,(anonymous_0)
FNDA:0,(anonymous_1)
FNDA:2,(anonymous_2)
FNDA:0,(anonymous_3)
FNDA:0,(anonymous_4)
FNDA:2,(anonymous_5)
DA:7,2
DA:8,0
DA:9,0
DA:10,0
DA:11,0
DA:12,0
DA:16,2
DA:17,2
DA:18,2
DA:35,0
DA:52,0
DA:66,2
DA:70,2
LF:13
LH:6
BRF:0
BRH:0
end_of_record
TN:
SF:src/components/WalletForm.js
FN:15,(anonymous_0)
FN:24,(anonymous_1)
FN:30,(anonymous_2)
FN:51,(anonymous_3)
FN:61,(anonymous_4)
FN:99,(anonymous_5)
FN:149,(anonymous_6)
FNF:7
FNH:6
FNDA:2,(anonymous_0)
FNDA:11,(anonymous_1)
FNDA:1,(anonymous_2)
FNDA:1,(anonymous_3)
FNDA:14,(anonymous_4)
FNDA:0,(anonymous_5)
FNDA:2,(anonymous_6)
DA:7,2
DA:16,2
DA:17,2
DA:18,0
DA:19,0
DA:24,2
DA:25,11
DA:30,2
DA:37,1
DA:38,1
DA:39,1
DA:47,1
DA:48,1
DA:51,2
DA:52,1
DA:68,14
DA:69,14
DA:70,14
DA:100,0
DA:149,2
DA:154,2
LF:21
LH:18
BRF:0
BRH:0
end_of_record
TN:
SF:src/pages/Login.js
FN:7,(anonymous_0)
FN:16,(anonymous_1)
FN:22,(anonymous_2)
FN:29,(anonymous_3)
FNF:4
FNH:4
FNDA:1,(anonymous_0)
FNDA:22,(anonymous_1)
FNDA:1,(anonymous_2)
FNDA:23,(anonymous_3)
DA:8,1
DA:10,1
DA:16,1
DA:17,22
DA:22,1
DA:23,1
DA:24,1
DA:25,1
DA:26,1
DA:30,23
DA:31,23
DA:32,23
DA:33,23
DA:34,23
DA:35,23
DA:36,23
DA:37,23
DA:77,2
LF:18
LH:18
BRDA:36,0,0,23
BRDA:36,0,1,1
BRF:2
BRH:2
end_of_record
TN:
SF:src/pages/Wallet.js
FN:8,(anonymous_0)
FNF:1
FNH:1
FNDA:2,(anonymous_0)
DA:9,2
LF:1
LH:1
BRF:0
BRH:0
end_of_record
TN:
SF:src/redux/actions/index.js
FN:5,(anonymous_0)
FN:12,(anonymous_1)
FN:19,(anonymous_2)
FN:19,(anonymous_3)
FN:29,(anonymous_4)
FN:36,(anonymous_5)
FN:36,(anonymous_6)
FNF:7
FNH:5
FNDA:1,(anonymous_0)
FNDA:0,(anonymous_1)
FNDA:2,(anonymous_2)
FNDA:2,(anonymous_3)
FNDA:0,(anonymous_4)
FNDA:1,(anonymous_5)
FNDA:1,(anonymous_6)
DA:1,2
DA:2,2
DA:3,2
DA:5,2
DA:12,2
DA:19,2
DA:20,2
DA:21,2
DA:22,0
DA:23,0
DA:24,0
DA:25,0
DA:26,0
DA:29,2
DA:36,2
DA:37,1
DA:38,1
DA:39,0
DA:40,0
DA:44,0
DA:45,0
DA:46,0
LF:22
LH:12
BRF:0
BRH:0
end_of_record
TN:
SF:src/redux/reducers/index.js
FNF:0
FNH:0
DA:8,2
LF:1
LH:1
BRF:0
BRH:0
end_of_record
TN:
SF:src/redux/reducers/user.js
FN:8,(anonymous_0)
FNF:1
FNH:1
FNDA:7,(anonymous_0)
DA:4,2
DA:8,2
DA:9,7
DA:11,1
DA:17,6
LF:5
LH:5
BRDA:8,0,0,6
BRDA:9,1,0,1
BRDA:9,1,1,6
BRF:3
BRH:3
end_of_record
TN:
SF:src/redux/reducers/wallet.js
FN:9,(anonymous_0)
FNF:1
FNH:1
FNDA:7,(anonymous_0)
DA:4,2
DA:9,2
DA:10,7
DA:14,7
DA:16,0
DA:19,0
DA:21,7
LF:7
LH:5
BRDA:9,0,0,6
BRDA:14,1,0,0
BRDA:14,1,1,0
BRDA:14,1,2,7
BRF:4
BRH:2
end_of_record
